<?xml version="1.0" encoding="UTF-8"?>
<!-- Generated by org.testng.reporters.JUnitReportReporter -->
<testsuite skipped="0" hostname="KBZTPSX0ZARHXP5" name="beauty.LaunchLoreal_Test" tests="1" failures="0" timestamp="2024-03-22T18:53:20 CST" time="33.117" errors="0">
  <testcase name="loreal" time="33.117" classname="beauty.LaunchLoreal_Test"/>
  <system-out/>
</testsuite> <!-- beauty.LaunchLoreal_Test -->
